<?xml version="1.0" encoding="UTF-8"?>
<!-- Generated by org.testng.reporters.JUnitReportReporter -->
<testsuite hostname="DESKTOP-FORH1V5" failures="0" tests="1" name="JenkinsProject1.openWebsite" time="3.937" errors="0" timestamp="2024-07-20T19:49:58 IST" skipped="0">
  <testcase classname="JenkinsProject1.openWebsite" name="website" time="3.937"/>
</testsuite> <!-- JenkinsProject1.openWebsite -->
